{"/Users/akshatakulkarni/Desktop/FTL/byebyebias/frontend/src/ExampleButton.tsx": {"path":"/Users/akshatakulkarni/Desktop/FTL/byebyebias/frontend/src/ExampleButton.tsx","statementMap":{"0":{"start":{"line":7,"column":38},"end":{"line":9,"column":1}},"1":{"start":{"line":8,"column":2},"end":{"line":8,"column":34}},"2":{"start":{"line":11,"column":0},"end":{"line":11,"column":22}}},"fnMap":{"0":{"name":"(anonymous_0)","decl":{"start":{"line":7,"column":38},"end":{"line":7,"column":39}},"loc":{"start":{"line":7,"column":52},"end":{"line":9,"column":1}}}},"branchMap":{},"s":{"0":1,"1":1,"2":1},"f":{"0":1},"b":{}}
,"/Users/akshatakulkarni/Desktop/FTL/byebyebias/frontend/src/components/BarChart/BarChart.tsx": {"path":"/Users/akshatakulkarni/Desktop/FTL/byebyebias/frontend/src/components/BarChart/BarChart.tsx","statementMap":{"0":{"start":{"line":2,"column":0},"end":{"line":2,"column":42}},"1":{"start":{"line":16,"column":36},"end":{"line":54,"column":1}},"2":{"start":{"line":18,"column":4},"end":{"line":53,"column":null}},"3":{"start":{"line":56,"column":0},"end":{"line":56,"column":24}}},"fnMap":{"0":{"name":"(anonymous_0)","decl":{"start":{"line":16,"column":36},"end":{"line":16,"column":37}},"loc":{"start":{"line":16,"column":62},"end":{"line":54,"column":1}}}},"branchMap":{},"s":{"0":1,"1":1,"2":2,"3":1},"f":{"0":2},"b":{}}
,"/Users/akshatakulkarni/Desktop/FTL/byebyebias/frontend/src/components/Button/Button.tsx": {"path":"/Users/akshatakulkarni/Desktop/FTL/byebyebias/frontend/src/components/Button/Button.tsx","statementMap":{"0":{"start":{"line":2,"column":0},"end":{"line":2,"column":22}},"1":{"start":{"line":9,"column":37},"end":{"line":16,"column":1}},"2":{"start":{"line":10,"column":4},"end":{"line":15,"column":6}},"3":{"start":{"line":18,"column":0},"end":{"line":18,"column":22}}},"fnMap":{"0":{"name":"(anonymous_0)","decl":{"start":{"line":9,"column":37},"end":{"line":9,"column":38}},"loc":{"start":{"line":9,"column":60},"end":{"line":16,"column":1}}}},"branchMap":{},"s":{"0":2,"1":2,"2":6,"3":2},"f":{"0":6},"b":{}}
,"/Users/akshatakulkarni/Desktop/FTL/byebyebias/frontend/src/components/Footer/Footer.tsx": {"path":"/Users/akshatakulkarni/Desktop/FTL/byebyebias/frontend/src/components/Footer/Footer.tsx","statementMap":{"0":{"start":{"line":2,"column":0},"end":{"line":2,"column":22}},"1":{"start":{"line":8,"column":37},"end":{"line":15,"column":1}},"2":{"start":{"line":9,"column":4},"end":{"line":14,"column":6}},"3":{"start":{"line":17,"column":0},"end":{"line":17,"column":22}}},"fnMap":{"0":{"name":"(anonymous_0)","decl":{"start":{"line":8,"column":37},"end":{"line":8,"column":38}},"loc":{"start":{"line":8,"column":51},"end":{"line":15,"column":1}}}},"branchMap":{},"s":{"0":1,"1":1,"2":1,"3":1},"f":{"0":1},"b":{}}
,"/Users/akshatakulkarni/Desktop/FTL/byebyebias/frontend/src/components/HeroSection/HeroSection.tsx": {"path":"/Users/akshatakulkarni/Desktop/FTL/byebyebias/frontend/src/components/HeroSection/HeroSection.tsx","statementMap":{"0":{"start":{"line":2,"column":0},"end":{"line":2,"column":38}},"1":{"start":{"line":3,"column":0},"end":{"line":3,"column":26}},"2":{"start":{"line":12,"column":47},"end":{"line":24,"column":1}},"3":{"start":{"line":13,"column":4},"end":{"line":23,"column":6}},"4":{"start":{"line":26,"column":0},"end":{"line":26,"column":27}}},"fnMap":{"0":{"name":"(anonymous_0)","decl":{"start":{"line":12,"column":47},"end":{"line":12,"column":48}},"loc":{"start":{"line":12,"column":91},"end":{"line":24,"column":1}}}},"branchMap":{},"s":{"0":1,"1":1,"2":1,"3":5,"4":1},"f":{"0":5},"b":{}}
,"/Users/akshatakulkarni/Desktop/FTL/byebyebias/frontend/src/components/ProcessStep/ProcessStep.tsx": {"path":"/Users/akshatakulkarni/Desktop/FTL/byebyebias/frontend/src/components/ProcessStep/ProcessStep.tsx","statementMap":{"0":{"start":{"line":3,"column":0},"end":{"line":3,"column":27}},"1":{"start":{"line":12,"column":47},"end":{"line":24,"column":1}},"2":{"start":{"line":13,"column":4},"end":{"line":23,"column":6}},"3":{"start":{"line":26,"column":0},"end":{"line":26,"column":27}}},"fnMap":{"0":{"name":"(anonymous_0)","decl":{"start":{"line":12,"column":47},"end":{"line":12,"column":48}},"loc":{"start":{"line":12,"column":76},"end":{"line":24,"column":1}}}},"branchMap":{},"s":{"0":1,"1":1,"2":3,"3":1},"f":{"0":3},"b":{}}
}
