TN:
SF:src/ExampleButton.tsx
FN:7,(anonymous_0)
FNF:1
FNH:1
FNDA:1,(anonymous_0)
DA:7,1
DA:8,1
DA:11,1
LF:3
LH:3
BRF:0
BRH:0
end_of_record
TN:
SF:src/components/Button/Button.tsx
FN:9,(anonymous_0)
FNF:1
FNH:1
FNDA:6,(anonymous_0)
DA:2,2
DA:9,2
DA:10,6
DA:18,2
LF:4
LH:4
BRF:0
BRH:0
end_of_record
TN:
SF:src/components/Footer/Footer.tsx
FN:8,(anonymous_0)
FNF:1
FNH:1
FNDA:1,(anonymous_0)
DA:2,1
DA:8,1
DA:9,1
DA:17,1
LF:4
LH:4
BRF:0
BRH:0
end_of_record
TN:
SF:src/components/HeroSection/HeroSection.tsx
FN:12,(anonymous_0)
FNF:1
FNH:1
FNDA:5,(anonymous_0)
DA:2,1
DA:3,1
DA:12,1
DA:13,5
DA:26,1
LF:5
LH:5
BRF:0
BRH:0
end_of_record
TN:
SF:src/components/ProcessStep/ProcessStep.tsx
FN:12,(anonymous_0)
FNF:1
FNH:1
FNDA:3,(anonymous_0)
DA:3,1
DA:12,1
DA:13,3
DA:26,1
LF:4
LH:4
BRF:0
BRH:0
end_of_record
